<?xml version="1.0" encoding="UTF-8"?>
<!-- Generated by org.testng.reporters.JUnitReportReporter -->
<testsuite hostname="ASDA1538PO01976" name="Runner.TestRunner" tests="1" failures="0" timestamp="17 Jul 2018 04:47:05 GMT" time="0.008" errors="0">
  <testcase name="feature" time="0.008" classname="Runner.TestRunner"/>
</testsuite> <!-- Runner.TestRunner -->
